##### Analysis of 2018-09-06 15:43:09.413520 #####

+++++ Plain NN +++++
--- Absolute Error ---
1.88959E-03 +- 7.67270E-04
--- Symmetry Error ---
0.00000E+00 +- 0.00000E+00
--- Idempotence Error ---
2.78658E-03 +- 4.37619E-04
--- Occupance Error ---
5.36847E-02 +- 5.66642E-02
--- HF Energy Error ---
2.97871E-01 +- 2.68067E-01
--- Avg. Iterations ---
6.07200E+01 +- 4.13004E+01
--- Iterations Damped ---
2.29800E+01 +- 8.92298E+00
--- Iterations DIIS ---
9.32000E+00 +- 8.58836E-01

+++++ McW 1 +++++
--- Absolute Error ---
1.26698E-03 +- 8.78764E-04
--- Symmetry Error ---
1.76517E-17 +- 1.48985E-18
--- Idempotence Error ---
6.87290E-05 +- 2.84100E-05
--- Occupance Error ---
5.02982E-03 +- 4.11358E-03
--- HF Energy Error ---
2.32956E-02 +- 2.02006E-02
--- Avg. Iterations ---
5.90400E+01 +- 4.23476E+01
--- Iterations Damped ---
2.29000E+01 +- 8.75500E+00
--- Iterations DIIS ---
9.14000E+00 +- 8.72009E-01

+++++ McW 5 +++++
--- Absolute Error ---
1.26662E-03 +- 8.80550E-04
--- Symmetry Error ---
2.90562E-17 +- 3.61365E-18
--- Idempotence Error ---
1.61567E-17 +- 2.04623E-18
--- Occupance Error ---
1.52767E-15 +- 1.54900E-15
--- HF Energy Error ---
2.28386E-03 +- 8.83975E-04
--- Avg. Iterations ---
5.92000E+01 +- 4.25493E+01
--- Iterations Damped ---
2.29200E+01 +- 8.79282E+00
--- Iterations DIIS ---
9.14000E+00 +- 8.48764E-01

+++++ H_Core +++++
--- Absolute Error ---
1.03142E-01 +- 1.15339E-01
--- Symmetry Error ---
0.00000E+00 +- 0.00000E+00
--- Idempotence Error ---
2.13039E-16 +- 9.91047E-17
--- Occupance Error ---
5.64881E-15 +- 3.99882E-15
--- HF Energy Error ---
9.21100E+00 +- 9.79294E-01
--- Avg. Iterations ---
6.72400E+01 +- 3.55013E+01
--- Iterations Damped ---
5.98000E+01 +- 3.74150E+01
--- Iterations DIIS ---
1.28600E+01 +- 1.77775E+00

+++++ SAP +++++
--- Absolute Error ---
2.05812E-02 +- 1.74771E-02
--- Symmetry Error ---
7.15033E-20 +- 4.21188E-20
--- Idempotence Error ---
2.18004E-02 +- 1.55382E-03
--- Occupance Error ---
2.27374E-15 +- 1.66788E-15
--- HF Energy Error ---
4.20429E-01 +- 3.40812E-01
--- Avg. Iterations ---
6.09400E+01 +- 4.10158E+01
--- Iterations Damped ---
2.83400E+01 +- 1.56341E+01
--- Iterations DIIS ---
1.02600E+01 +- 1.09197E+00

+++++ MINAO +++++
--- Absolute Error ---
1.98486E-02 +- 1.73152E-02
--- Symmetry Error ---
1.66961E-19 +- 6.62875E-20
--- Idempotence Error ---
2.15426E-02 +- 2.02931E-03
--- Occupance Error ---
1.29204E-02 +- 6.15651E-05
--- HF Energy Error ---
3.16134E-01 +- 2.49480E-01
--- Avg. Iterations ---
6.05800E+01 +- 4.11830E+01
--- Iterations Damped ---
2.81200E+01 +- 1.57209E+01
--- Iterations DIIS ---
1.01400E+01 +- 1.03942E+00

+++++ GWH +++++
--- Absolute Error ---
1.43749E-02 +- 9.90691E-03
--- Symmetry Error ---
0.00000E+00 +- 0.00000E+00
--- Idempotence Error ---
6.12039E-17 +- 1.40923E-17
--- Occupance Error ---
5.22249E-15 +- 3.78343E-15
--- HF Energy Error ---
5.75762E-01 +- 1.81065E-01
--- Avg. Iterations ---
6.12600E+01 +- 4.05121E+01
--- Iterations Damped ---
2.95800E+01 +- 1.41026E+01
--- Iterations DIIS ---
1.08800E+01 +- 1.22703E+00