##### Analysis of 2018-06-24 14:37:32.147552 #####
Network: butadien/data/networks/networkGaussians400EquidistantBroadening.npy
Datafolder: butadien/data/400/
Postfix: 400

+++++ Plain NN +++++
--- Absolute Error ---
6.32236E-04 +- 3.41535E-04
--- Symmetry Error ---
0.00000E+00 +- 0.00000E+00
--- Idempotence Error ---
6.65847E-02 +- 5.98134E-02
--- Occupance Error ---
3.41789E+00 +- 3.59891E+00
--- HF Energy Error ---
1.08920E-02 +- 8.10577E-03
--- Avg. Iterations ---
8.58000E+00 +- 1.26633E+00
--- Iterations Damped ---
9.12000E+00 +- 8.40000E-01
--- Iterations DIIS ---
6.40000E+00 +- 4.89898E-01

+++++ McW 1 +++++ Caution!!! Not the right s-matrix in use :/
--- Absolute Error ---
2.40205E-02 +- 2.58450E-02
--- Symmetry Error ---
6.68714E-17 +- 1.19670E-17
--- Idempotence Error ---
4.48001E-02 +- 4.55581E-02
--- Occupance Error ---
5.43970E+00 +- 5.75346E+00
--- HF Energy Error ---
1.01589E+01 +- 1.12408E+01
--- Avg. Iterations ---
2.23500E+01 +- 2.33420E+01
--- Iterations Damped ---
2.95700E+01 +- 3.31199E+01
--- Iterations DIIS ---
9.12000E+00 +- 1.45794E+00

+++++ McW 5 +++++
--- Absolute Error ---
4.39182E-02 +- 4.56232E-02
--- Symmetry Error ---
1.40521E-16 +- 2.97922E-17
--- Idempotence Error ---
2.01959E-02 +- 2.26907E-02
--- Occupance Error ---
5.34765E+00 +- 5.92599E+00
--- HF Energy Error ---
1.64373E+01 +- 1.82156E+01
--- Avg. Iterations ---
4.46900E+01 +- 4.07187E+01
--- Iterations Damped ---
4.69300E+01 +- 4.24741E+01
--- Iterations DIIS ---
9.93000E+00 +- 2.07005E+00

+++++ SAP +++++
--- Absolute Error ---
8.96759E-02 +- 2.90612E-02
--- Symmetry Error ---
1.20271E-33 +- 3.54135E-34
--- Idempotence Error ---
1.14586E-01 +- 8.82939E-03
--- Occupance Error ---
1.93535E-01 +- 2.20982E-01
--- HF Energy Error ---
3.46969E-01 +- 1.33202E-01
--- Avg. Iterations ---
1.39100E+01 +- 1.28137E+00
--- Iterations Damped ---
1.33600E+01 +- 5.20000E-01
--- Iterations DIIS ---
8.22000E+00 +- 5.40000E-01

+++++ MINAO +++++
--- Absolute Error ---
8.16287E-02 +- 2.55812E-02
--- Symmetry Error ---
5.09393E-19 +- 8.27554E-20
--- Idempotence Error ---
1.24877E-01 +- 4.14154E-03
--- Occupance Error ---
9.60242E-01 +- 7.28263E-01
--- HF Energy Error ---
1.07974E+00 +- 1.45387E-01
--- Avg. Iterations ---
1.14900E+01 +- 2.03713E+00
--- Iterations Damped ---
1.33800E+01 +- 5.96322E-01
--- Iterations DIIS ---
8.31000E+00 +- 5.23355E-01

+++++ GWH +++++
--- Absolute Error ---
3.78756E-02 +- 9.67778E-03
--- Symmetry Error ---
1.14406E-18 +- 2.47281E-19
--- Idempotence Error ---
6.30940E-02 +- 5.75867E-02
--- Occupance Error ---
3.38512E+00 +- 3.56320E+00
--- HF Energy Error ---
4.16907E-01 +- 2.65125E-02
--- Avg. Iterations ---
1.66900E+01 +- 1.67150E+00
--- Iterations Damped ---
1.66200E+01 +- 7.58683E-01
--- Iterations DIIS ---
9.00000E+00 +- 4.47214E-01
