##### Analysis of 2018-05-08 21:41:31.154130 #####

+++++ Plain NN +++++
##### Analysis of 2018-05-08 21:46:10.165218 #####

+++++ Plain NN +++++
##### Analysis of 2018-05-08 21:48:19.777581 #####

+++++ Plain NN +++++
##### Analysis of 2018-05-08 22:00:33.034800 #####

+++++ Plain NN +++++
##### Analysis of 2018-05-08 22:05:46.520691 #####

+++++ Plain NN +++++
##### Analysis of 2018-05-08 22:06:31.104031 #####

+++++ Plain NN +++++
--- Absolute Error ---
1.08872E-03 +- 1.85268E-04
--- Symmetry Error ---
1.17787E-03 +- 2.15755E-04
--- Idempotence Error ---
1.61399E-03 +- 2.98609E-04
--- Occupance Error ---
6.88515E-02 +- 5.39407E-02
--- HF Energy Error ---
2.99797E-01 +- 2.30892E-01
--- Avg. Iterations ---
1.22200E+01 +- 1.85785E+00
--- Iterations Damped ---
9.36000E+00 +- 6.24820E-01
--- Iterations DIIS ---
7.18000E+00 +- 4.33128E-01

+++++ McW 1 +++++
--- Absolute Error ---
7.38406E-04 +- 1.31138E-04
--- Symmetry Error ---
8.98202E-04 +- 1.85639E-04
--- Idempotence Error ---
2.37806E-05 +- 1.34168E-05
--- Occupance Error ---
1.21004E-03 +- 1.23801E-03
--- HF Energy Error ---
4.69122E-03 +- 6.73360E-03
--- Avg. Iterations ---
8.24000E+00 +- 1.01114E+00
--- Iterations Damped ---
9.16000E+00 +- 6.43739E-01
--- Iterations DIIS ---
6.42000E+00 +- 4.93559E-01

+++++ McW 5 +++++
--- Absolute Error ---
7.38262E-04 +- 1.31165E-04
--- Symmetry Error ---
8.98185E-04 +- 1.85497E-04
--- Idempotence Error ---
6.63323E-17 +- 4.90388E-18
--- Occupance Error ---
1.91847E-15 +- 1.90791E-15
--- HF Energy Error ---
2.00580E-04 +- 1.31684E-04
--- Avg. Iterations ---
8.18000E+00 +- 9.93781E-01
--- Iterations Damped ---
9.14000E+00 +- 6.32772E-01
--- Iterations DIIS ---
6.36000E+00 +- 4.80000E-01

+++++ SAP +++++
--- Absolute Error ---
9.08472E-02 +- 7.08134E-04
--- Symmetry Error ---
1.30318E-33 +- 4.18868E-34
--- Idempotence Error ---
1.08554E-01 +- 2.08690E-03
--- Occupance Error ---
2.62901E-15 +- 3.16251E-15
--- HF Energy Error ---
4.64564E-01 +- 1.96160E-01
--- Avg. Iterations ---
1.51200E+01 +- 1.85084E+00
--- Iterations Damped ---
1.38400E+01 +- 4.17612E-01
--- Iterations DIIS ---
8.82000E+00 +- 4.33128E-01

+++++ MINAO +++++
--- Absolute Error ---
8.25738E-02 +- 7.14625E-04
--- Symmetry Error ---
5.19283E-19 +- 9.94160E-20
--- Idempotence Error ---
1.24208E-01 +- 2.35102E-03
--- Occupance Error ---
2.70338E-01 +- 1.43386E-03
--- HF Energy Error ---
9.52572E-01 +- 2.21835E-01
--- Avg. Iterations ---
1.39400E+01 +- 2.33589E+00
--- Iterations Damped ---
1.39600E+01 +- 5.98665E-01
--- Iterations DIIS ---
9.00000E+00 +- 4.89898E-01

+++++ GWH +++++
--- Absolute Error ---
3.91907E-02 +- 1.35019E-03
--- Symmetry Error ---
1.01453E-18 +- 2.50067E-19
--- Idempotence Error ---
3.05479E-16 +- 4.02602E-17
--- Occupance Error ---
6.46594E-15 +- 5.93165E-15
--- HF Energy Error ---
4.47257E-01 +- 3.94328E-02
--- Avg. Iterations ---
1.89800E+01 +- 2.07355E+00
--- Iterations Damped ---
1.75600E+01 +- 9.20000E-01
--- Iterations DIIS ---
9.40000E+00 +- 4.89898E-01