Process 0 of 1 is on qciep03 - thread support 0
initial socket setup ...start
initial socket setup ...done 
now start server 0 ... 
qciep03.tugraz.at 127.0.1
Q-Chem Developer Version! Running on 127.0.1.*
                  Welcome to Q-Chem
     A Quantum Leap Into The Future Of Chemistry


 Q-Chem 5.0, Q-Chem, Inc., Pleasanton, CA (2017)

 Yihan Shao,  Zhengting Gan,  E. Epifanovsky,  A. T. B. Gilbert,  M. Wormit,  
 J. Kussmann,  A. W. Lange,  A. Behn,  Jia Deng,  Xintian Feng,  D. Ghosh,  
 M. Goldey,  P. R. Horn,  L. D. Jacobson,  I. Kaliman,  T. Kus,  A. Landau,  
 Jie Liu,  E. I. Proynov,  R. M. Richard,  R. P. Steele,  E. J. Sundstrom,  
 H. L. Woodcock III,  P. M. Zimmerman,  D. Zuev,  B. Albrecht,  E. Alguire,  
 S. A. Baeppler,  D. Barton,  Z. Benda,  Y. A. Bernard,  E. J. Berquist,  
 K. B. Bravaya,  H. Burton,  D. Casanova,  Chun-Min Chang,  Yunqing Chen,  
 A. Chien,  K. D. Closser,  M. P. Coons,  S. Dasgupta,  A. L. Dempwolff,  
 M. Diedenhofen,  Hainam Do,  R. G. Edgar,  Po-Tung Fang,  S. Fatehi,  
 Qingguo Feng,  J. Fosso-Tande,  Qinghui Ge,  A. Ghysels,  G. Gidofalvi,  
 J. Gomes,  J. Gonthier,  A. Gunina,  M. W. D. Hanson-Heine,  
 P. H. P. Harbach,  A. W. Hauser,  J. E. Herr,  E. G. Hohenstein,  
 Z. C. Holden,  Kerwin Hui,  T.-C. Jagau,  Hyunjun Ji,  B. Kaduk,  
 K. Khistyaev,  Jaehoon Kim,  P. Klunzinger,  K. Koh,  D. Kosenkov,  
 L. Koulias,  T. Kowalczyk,  C. M. Krauter,  A. Kunitsa,  Ka Un Lao,  
 A. Laurent,  K. V. Lawler,  Joonho Lee,  D. Lefrancois,  S. Lehtola,  
 D. S. Levine,  Yi-Pei Li,  You-Sheng Lin,  Fenglai Liu,  E. Livshits,  
 A. Luenser,  P. Manohar,  E. Mansoor,  S. F. Manzer,  Shan-Ping Mao,  
 Yuezhi Mao,  N. Mardirossian,  A. V. Marenich,  T. Markovich,  
 L. A. Martinez-Martinez,  S. A. Maurer,  N. J. Mayhall,  S. C. McKenzie,  
 J.-M. Mewes,  A. F. Morrison,  J. W. Mullinax,  K. Nanda,  
 T. S. Nguyen-Beck,  R. Olivares-Amaya,  J. A. Parkhill,  T. M. Perrine,  
 F. Plasser,  S. Prager,  A. Prociuk,  E. Ramos,  D. R. Rehn,  F. Rob,  
 M. Schneider,  N. Sergueev,  S. M. Sharada,  S. Sharma,  D. W. Small,  
 T. Stauch,  T. Stein,  Yu-Chuan Su,  A. J. W. Thom,  A. Tkatchenko,  
 T. Tsuchimochi,  L. Vogt,  O. Vydrov,  M. A. Watson,  J. Wenzel,  
 M. de Wergifosse,  T. A. Wesolowski,  A. White,  J. Witte,  A. Yamada,  
 Jun Yang,  K. Yao,  S. Yeganeh,  S. R. Yost,  Zhi-Qiang You,  A. Zech,  
 Igor Ying Zhang,  Xing Zhang,  Yan Zhao,  Ying Zhu,  B. R. Brooks,  
 G. K. L. Chan,  C. J. Cramer,  M. S. Gordon,  W. J. Hehre,  A. Klamt,  
 M. W. Schmidt,  C. D. Sherrill,  D. G. Truhlar,  A. Aspuru-Guzik,  R. Baer,  
 A. T. Bell,  N. A. Besley,  Jeng-Da Chai,  R. A. DiStasio Jr.,  A. Dreuw,  
 B. D. Dunietz,  T. R. Furlani,  Chao-Ping Hsu,  Yousung Jung,  Jing Kong,  
 D. S. Lambrecht,  WanZhen Liang,  C. Ochsenfeld,  V. A. Rassolov,  
 L. V. Slipchenko,  J. E. Subotnik,  T. Van Voorhis,  J. M. Herbert,  
 A. I. Krylov,  P. M. W. Gill,  M. Head-Gordon

 Contributors to earlier versions of Q-Chem not listed above: 
 R. D. Adamson,  B. Austin,  J. Baker,  G. J. O. Beran,  K. Brandhorst,  
 S. T. Brown,  E. F. C. Byrd,  A. K. Chakraborty,  C.-L. Cheng,  
 Siu Hung Chien,  D. M. Chipman,  D. L. Crittenden,  H. Dachsel,  
 R. J. Doerksen,  A. D. Dutoi,  L. Fusti-Molnar,  W. A. Goddard III,  
 A. Golubeva-Zadorozhnaya,  S. R. Gwaltney,  G. Hawkins,  A. Heyden,  
 S. Hirata,  G. Kedziora,  F. J. Keil,  C. Kelley,  Jihan Kim,  R. A. King,  
 R. Z. Khaliullin,  P. P. Korambath,  W. Kurlancheek,  A. M. Lee,  M. S. Lee,  
 S. V. Levchenko,  Ching Yeh Lin,  D. Liotard,  R. C. Lochan,  I. Lotan,  
 P. E. Maslen,  N. Nair,  D. P. O'Neill,  D. Neuhauser,  E. Neuscamman,  
 C. M. Oana,  R. Olson,  B. Peters,  R. Peverati,  P. A. Pieniazek,  
 Y. M. Rhee,  J. Ritchie,  M. A. Rohrdanz,  E. Rosta,  N. J. Russ,  
 H. F. Schaefer III,  N. E. Schultz,  N. Shenvi,  A. C. Simmonett,  A. Sodt,  
 D. Stuck,  K. S. Thanthiriwatte,  V. Vanovschi,  Tao Wang,  A. Warshel,  
 C. F. Williams,  Q. Wu,  X. Xu,  W. Zhang

 Please cite Q-Chem as follows:
 Y. Shao et al., Mol. Phys. 113, 184-215 (2015)
 DOI: 10.1080/00268976.2014.952696

 Q-Chem 5.0.2 for Intel X86 EM64T Linux

 Parts of Q-Chem use Armadillo 5.200.1 (Boston Tea Smuggler).
 http://arma.sourceforge.net/

 Q-Chem begins on Thu Jan 25 17:24:57 2018  


Host: 0

     Scratch files written to /home/jcartus/scratch/2-pyridoxine-2-aminopyridine-complex.dir//
 Using version located at /usr/local/qchem/bin/qchem

 Parallel job on  1  processors

Total Memory Limit in MB = 2000
Mega-Array Size in MB = 192

Checking the input file for inconsistencies... 	...done.
Finally everything over in PARseQInput

--------------------------------------------------------------
User input:
--------------------------------------------------------------
$rem
SCF_PRINT                     1
BASIS                         6-311++g**
SCF_SAVE_MATRICES             1
SCF_CONVERGENCE               5
SCF_FINAL_PRINT               1
METHOD                        hf
JOBTYPE                       sp
$end

$molecule
0 1
O    -1.3976213    -1.8858368    -0.3673061
N    -1.464255    0.3641828    0.0192301
C    -4.1857398    0.3696669    0.036096
C    -3.4832598    1.5783111    0.2500752
C    -2.1179502    1.5307048    0.2338383
C    -2.0773833    -0.8637492    -0.1899414
C    -3.5156032    -0.805195    -0.1757585
H    -5.2678045    0.3707428    0.0411419
H    -3.9920334    2.512756    0.4214414
H    -1.4929196    2.3984096    0.3885018
H    -4.0401226    -1.7348452    -0.3379269
H    -0.4265266    0.3612127    0.0073538
N    1.4327616    0.3639703    -0.0159508
C    2.11542    -0.780345    0.1681099
C    3.5237586    -0.8016096    0.1545027
C    4.2185897    0.3735783    -0.0525929
C    3.5099708    1.5615014    -0.2449763
C    2.1280138    1.4953324    -0.2175374
H    4.0459206    -1.7361356    0.3076883
H    5.2999426    0.3666009    -0.0663349
H    4.0110923    2.5024313    -0.4130052
H    1.5339878    2.3893837    -0.3670565
N    1.3883123    -1.9083038    0.4198149
H    1.8694714    -2.7812773    0.2940385
H    0.4089067    -1.9079942    0.130086
$end


--------------------------------------------------------------
 ----------------------------------------------------------------
             Standard Nuclear Orientation (Angstroms)
    I     Atom           X                Y                Z
 ----------------------------------------------------------------
    1      O      -1.3977068066    -1.9049242635    -0.3762792241
    2      N      -1.4755516982     0.3436506775     0.0165176597
    3      C      -4.1970490273     0.3360675819     0.0302593910
    4      C      -3.5006075206     1.5474497251     0.2484532988
    5      C      -2.1350680396     1.5064215946     0.2336573848
    6      C      -2.0825557335    -0.8866050843    -0.1968198358
    7      C      -3.5210546997    -0.8349722250    -0.1841311773
    8      H      -5.2791115284     0.3319526568     0.0340600144
    9      H      -4.0140437155     2.4789624931     0.4218645395
   10      H      -1.5143752220     2.3766665275     0.3914859371
   11      H      -4.0409324327    -1.7666595738    -0.3495231725
   12      H      -0.4378081049     0.3456786102     0.0058301841
   13      N       1.4214709504     0.3573967328    -0.0153216384
   14      C       2.1093893039    -0.7841546903     0.1663016677
   15      C       3.5178281626    -0.7986431014     0.1542592971
   16      C       4.2072610986     0.3804353392    -0.0487227293
   17      C       3.4931832889     1.5654931900    -0.2385757819
   18      C       2.1115285034     1.4926365125    -0.2129176820
   19      H       4.0442829566    -1.7310891121     0.3054135688
   20      H       5.2886499746     0.3786699988    -0.0612368608
   21      H       3.9899858706     2.5092802606    -0.4033747684
   22      H       1.5134001600     2.3842543021    -0.3606024100
   23      N       1.3874032035    -1.9162851000     0.4139887188
   24      H       1.8728789790    -2.7865882210     0.2863084037
   25      H       0.4083383055    -1.9198430606     0.1231321783
 ----------------------------------------------------------------
 Molecular Point Group                 C1    NOp =  1
 Largest Abelian Subgroup              C1    NOp =  1
 Nuclear Repulsion Energy =   812.2885294735 hartrees
 There are       50 alpha and       50 beta electrons
 Requested basis set is 6-311++G(d,p)
 There are 139 shells and 385 basis functions

 Total QAlloc Memory Limit   2000 MB
 Mega-Array Size       188 MB
 MEM_STATIC part       192 MB

finished with qalloc call
 Job number = 2, Threshold = 1.00E-08
Integral type ranges set in mkLRange.C for JobNum: 2  <1-21|1-21>
Symmetry turned off temporarily
 Using the largest function pair in Schwarz integrals
Total number of integrals generated =          876685
Symmetry turned back on
 A cutoff of  1.0D-08 yielded   6973 shell pairs
 There are     54369 function pairs (     57973 Cartesian)
 Job number = 11, Threshold = 1.00E-08
Integral type ranges set in mkLRange.C for JobNum: 11  <1-21|22-22>
Total number of integrals generated =         1449075
 Smallest overlap matrix eigenvalue = 1.60E-06

 Q-Chem warning in module /usr/local/qchem/stvman/mkSTV.C, line 295:

 Overlap eigenvalue is smaller than square root of threshold

 Multipole matrices computed through 2nd order

 Scale SEOQF with 1.000000e-02/1.000000e-01/1.000000e-01

 Standard Electronic Orientation quadrupole field applied
 Nucleus-field energy     =     0.0000000146 hartrees
 ENuRep (before)= 812.2885294735
 ENucField = 0.0000000146
 ENuRep (after) = 812.2885294881
 Guess from superposition of atomic densities
 Warning:  Energy on first SCF cycle will be non-variational
 SAD guess density has 100.000000 electrons

 ==================================================
    GEN_SCFMAN: A general SCF calculation manager  
                                                   
    Authors:                                       
        -- Eric Jon Sundstrom 2008-2014            
        -- Paul Horn 2010-2015                     
        -- Yuezhi Mao 2012-                        
        -- Dmitri Zuev 2014                        
        -- Alec White 2015-                        
        -- David Stuck 2015                        
        -- Shaama M.S. 2015                        
        -- Shane Yost 2015-                         
        -- Joonho Lee 2016-                        
        -- David Small 2016-                       
        -- Daniel Levine 2016-                     
        -- Susi Lehtola 2017-                      
        -- Hugh Burton 2017-                       
 ==================================================
 Hartree-Fock
Finding J and K together
 Job number = 22, Threshold = 1.00E-08
Integral type ranges set in mkLRange.C for JobNum: 22  <1-21|1-21>
 MakeJK  time:  CPU      19.71 s  wall      19.76 s
 HF Exchange:              -85.69554670639910
 One-Electron:             -2451.37983123805179
 Total Coulomb:            1095.66977750022170
 Nuclear repulsion:        812.28852948809765
 A restricted SCF calculation will be
 performed using DIIS
 SCF converges when DIIS error is below 1.0e-05
 ---------------------------------------
  Cycle       Energy         DIIS error
 ---------------------------------------
Finding J and K together
 Job number = 22, Threshold = 1.00E-08
Integral type ranges set in mkLRange.C for JobNum: 22  <1-21|1-21>
 MakeJK  time:  CPU     122.99 s  wall     123.42 s
 HF Exchange:              -83.83450716502203
 One-Electron:             -2459.07748036402154
 Total Coulomb:            1107.36623576925695
 Nuclear repulsion:        812.28852948809765
    1    -629.1170709561      3.62e-02  
Finding J and K together
 Job number = 22, Threshold = 1.00E-08
Integral type ranges set in mkLRange.C for JobNum: 22  <1-21|1-21>
 MakeJK  time:  CPU     153.10 s  wall     154.64 s
 HF Exchange:              -83.76975903293568
 One-Electron:             -2459.40407457094216
 Total Coulomb:            1107.46672683849147
 Nuclear repulsion:        812.28852948809765
    2    -623.2572222717      3.18e-03  
Finding J and K together
 Job number = 22, Threshold = 1.00E-08
Integral type ranges set in mkLRange.C for JobNum: 22  <1-21|1-21>
 MakeJK  time:  CPU     156.70 s  wall     157.86 s
 HF Exchange:              -83.93922372403566
 One-Electron:             -2459.37338250145285
 Total Coulomb:            1107.55497312595730
 Nuclear repulsion:        812.28852948809765
    3    -623.4185772773      1.93e-03  
Finding J and K together
 Job number = 22, Threshold = 1.00E-08
Integral type ranges set in mkLRange.C for JobNum: 22  <1-21|1-21>
 MakeJK  time:  CPU     153.29 s  wall     154.95 s
 HF Exchange:              -83.94756904535356
 One-Electron:             -2459.46007698223366
 Total Coulomb:            1107.64442383285723
 Nuclear repulsion:        812.28852948809765
    4    -623.4691036114      5.22e-04  
Finding J and K together
 Job number = 22, Threshold = 1.00E-08
Integral type ranges set in mkLRange.C for JobNum: 22  <1-21|1-21>
 MakeJK  time:  CPU     170.01 s  wall     170.51 s
 HF Exchange:              -83.94568373867577
 One-Electron:             -2459.40686792687211
 Total Coulomb:            1107.58895012977018
 Nuclear repulsion:        812.28852948809765
    5    -623.4746927066      1.20e-04  
Finding J and K together
 Job number = 22, Threshold = 1.00E-08
Integral type ranges set in mkLRange.C for JobNum: 22  <1-21|1-21>
 MakeJK  time:  CPU     166.50 s  wall     166.81 s
 HF Exchange:              -83.94861173037987
 One-Electron:             -2459.41194992664214
 Total Coulomb:            1107.59685366419990
 Nuclear repulsion:        812.28852948809765
    6    -623.4750720477      3.71e-05  
Finding J and K together
 Job number = 22, Threshold = 1.00E-08
Integral type ranges set in mkLRange.C for JobNum: 22  <1-21|1-21>
 MakeJK  time:  CPU     165.32 s  wall     166.42 s
 HF Exchange:              -83.94931192566945
 One-Electron:             -2459.41222524917112
 Total Coulomb:            1107.59779726688657
 Nuclear repulsion:        812.28852948809765
    7    -623.4751785047      1.99e-05  
    8    -623.4752104199      8.40e-06  Convergence criterion met
 ---------------------------------------
 SCF time:   CPU 1117.70s  wall 1125.00s 
 Total energy in the final basis set =     -623.4752104199
 HF Exchange:              -83.94931192566945
 One-Electron:             -2459.41222524917112
 Total Coulomb:            1107.59779726688657
 Nuclear repulsion:        812.28852948809765
Wall  1 = 1126
Clock 1 = 1118.51977539062500
 ==================================================
                  Done GEN_SCFMAN                  
 ==================================================

Symmetry turned off temporarily

 --------------------------------------------------------------

                    Orbital Energies (a.u.)
 --------------------------------------------------------------

 Alpha MOs
 -- Occupied --
-20.505 -15.608 -15.562 -15.552 -11.351 -11.325 -11.307 -11.287
-11.269 -11.265 -11.237 -11.235 -11.233 -11.231  -1.371  -1.287
 -1.269  -1.187  -1.104  -1.092  -1.027  -1.013  -0.884  -0.870
 -0.860  -0.846  -0.752  -0.725  -0.710  -0.690  -0.677  -0.664
 -0.638  -0.627  -0.617  -0.603  -0.598  -0.576  -0.569  -0.554
 -0.535  -0.533  -0.481  -0.457  -0.441  -0.416  -0.415  -0.391
 -0.309  -0.306
 -- Virtual --
  0.034   0.040   0.045   0.052   0.058   0.069   0.074   0.078
  0.088   0.091   0.095   0.096   0.113   0.123   0.126   0.128
  0.134   0.138   0.143   0.148   0.153   0.164   0.167   0.170
  0.173   0.176   0.177   0.181   0.188   0.189   0.192   0.195
  0.197   0.202   0.205   0.207   0.210   0.217   0.227   0.229
  0.233   0.240   0.241   0.243   0.252   0.255   0.265   0.270
  0.274   0.282   0.291   0.293   0.296   0.303   0.318   0.331
  0.335   0.340   0.345   0.346   0.353   0.359   0.361   0.368
  0.372   0.374   0.391   0.394   0.404   0.410   0.416   0.420
  0.424   0.427   0.431   0.434   0.441   0.445   0.455   0.459
  0.467   0.473   0.486   0.488   0.501   0.514   0.537   0.542
  0.547   0.550   0.563   0.599   0.622   0.634   0.657   0.683
  0.701   0.713   0.722   0.723   0.729   0.731   0.737   0.749
  0.756   0.759   0.770   0.779   0.794   0.796   0.811   0.820
  0.827   0.833   0.848   0.864   0.871   0.884   0.893   0.917
  0.927   0.933   0.941   0.947   0.964   0.974   0.981   0.995
  1.004   1.014   1.021   1.024   1.029   1.034   1.043   1.062
  1.067   1.076   1.082   1.087   1.099   1.106   1.117   1.129
  1.140   1.149   1.159   1.173   1.174   1.180   1.212   1.219
  1.226   1.257   1.265   1.272   1.285   1.311   1.325   1.326
  1.336   1.368   1.377   1.387   1.427   1.436   1.456   1.461
  1.480   1.511   1.525   1.557   1.566   1.603   1.665   1.699
  1.731   1.758   1.766   1.773   1.798   1.808   1.817   1.823
  1.826   1.837   1.847   1.862   1.866   1.878   1.889   1.903
  1.927   1.935   1.946   1.966   1.988   2.000   2.008   2.020
  2.043   2.058   2.071   2.080   2.087   2.090   2.122   2.148
  2.172   2.190   2.196   2.203   2.213   2.221   2.235   2.254
  2.283   2.292   2.299   2.308   2.326   2.347   2.386   2.391
  2.396   2.398   2.473   2.478   2.497   2.504   2.537   2.615
  2.646   2.698   2.730   2.754   2.767   2.772   2.786   2.812
  2.816   2.827   2.835   2.852   2.908   2.918   2.940   2.973
  2.989   3.000   3.015   3.018   3.028   3.036   3.042   3.050
  3.060   3.084   3.102   3.109   3.116   3.135   3.142   3.155
  3.176   3.209   3.214   3.220   3.229   3.265   3.281   3.286
  3.293   3.306   3.344   3.352   3.360   3.368   3.422   3.433
  3.436   3.500   3.508   3.603   3.640   3.714   3.761   3.773
  3.818   3.858   3.862   3.884   3.941   3.957   4.010   4.021
  4.024   4.069   4.158   4.242   4.337   4.367   4.397   4.437
  4.446   4.454   4.473   4.485   4.513   4.604   4.843   4.858
  5.050   5.335   5.434   5.522   5.669   5.694   5.771   5.906
  6.430  24.853  24.871  25.054  25.074  25.085  25.140  25.261
 25.295  25.325  25.333  37.055  37.088  37.168  51.774
 --------------------------------------------------------------

          Ground-State Mulliken Net Atomic Charges

     Atom                 Charge (a.u.)
  ----------------------------------------
      1 O                    -0.481249
      2 N                    -0.342713
      3 C                    -0.399737
      4 C                    -0.295200
      5 C                    -0.122223
      6 C                    -0.077983
      7 C                     0.163578
      8 H                     0.217536
      9 H                     0.218593
     10 H                     0.163720
     11 H                     0.244816
     12 H                     0.831865
     13 N                    -0.219062
     14 C                    -0.124463
     15 C                     0.166387
     16 C                    -0.519541
     17 C                    -0.419176
     18 C                     0.017602
     19 H                     0.207809
     20 H                     0.213270
     21 H                     0.204900
     22 H                     0.161296
     23 N                    -0.464704
     24 H                     0.253097
     25 H                     0.401581
  ----------------------------------------
  Sum of atomic charges =     0.000000

 -----------------------------------------------------------------
                    Cartesian Multipole Moments
 -----------------------------------------------------------------
    Charge (ESU x 10^10)
                 0.0000
    Dipole Moment (Debye)
         X       0.9671      Y       3.3305      Z       0.2055
       Tot       3.4742
    Quadrupole Moments (Debye-Ang)
        XX     -60.7187     XY      -7.5144     YY     -77.7680
        XZ      -1.8111     YZ      -0.5267     ZZ     -90.7717
    Octopole Moments (Debye-Ang^2)
       XXX      -5.8406    XXY      -1.3041    XYY      19.3593
       YYY       6.2108    XXZ       0.2129    XYZ      -4.3770
       YYZ       2.5395    XZZ      -2.9776    YZZ      -2.8135
       ZZZ      -2.2143
    Hexadecapole Moments (Debye-Ang^3)
      XXXX   -3418.3931   XXXY     -18.8848   XXYY    -756.2873
      XYYY     -63.9517   YYYY    -822.4015   XXXZ      -3.2564
      XXYZ      -0.7306   XYYZ     -14.8932   YYYZ      -4.7690
      XXZZ    -791.1694   XYZZ       3.2167   YYZZ    -190.4441
      XZZZ       4.4354   YZZZ       4.0808   ZZZZ    -132.1692
 -----------------------------------------------------------------
 Mayer SCF Bond Order, atomic valence on the diagonal:

            1           2           3           4           5           6
    1   1.6966011  -0.0526509  -0.0436785   0.0380927   0.0595402   1.8649604
    2  -0.0526509   2.4796557  -0.1512635   0.0612081   0.8054198   0.8815752
    3  -0.0436785  -0.1512635   4.5111187   1.3442384   0.2435919   0.2883550
    4   0.0380927   0.0612081   1.3442384   4.3143566   2.2422212   0.0672125
    5   0.0595402   0.8054198   0.2435919   2.2422212   4.5404973   0.2037969
    6   1.8649604   0.8815752   0.2883550   0.0672125   0.2037969   4.6079148
    7  -0.1381899   0.0150703   1.8696930  -0.2988128   0.1630900   1.4001412
    8   0.0010684   0.0025225   0.8220365   0.0693447  -0.0257984  -0.0269816
    9   0.0000391   0.0159132   0.0612664   0.8216402   0.0360348  -0.0044551
   10   0.0025487  -0.0611220   0.0273224   0.0628253   0.9239661   0.0198988
   11  -0.0290810   0.0186911   0.0455584  -0.0049766  -0.0111877   0.0147610
   12  -0.1042665   0.7111771   0.0311485  -0.0688382  -0.1027312  -0.0932794
   13   0.0170163   0.2981364  -0.0164902  -0.0055270  -0.0432411  -0.0579147
   14   0.0054244  -0.0424642  -0.0044042  -0.0171511   0.0369484   0.0004653
   15  -0.0113893  -0.0041927  -0.0098748   0.0175470  -0.0092524   0.0027087
   16  -0.0002004  -0.0161271   0.0246238  -0.0223403   0.0187956   0.0185851
   17  -0.0058641   0.0150518  -0.0188529   0.0216156  -0.0215524  -0.0175793
   18   0.0332819  -0.0329313  -0.0053265  -0.0154836   0.0126001   0.0299987
   19   0.0009069   0.0004209  -0.0000807  -0.0005622   0.0004268   0.0000760
   20  -0.0000220  -0.0002028   0.0002870  -0.0001489  -0.0001734  -0.0000801
   21  -0.0000985   0.0012053  -0.0008806   0.0001923  -0.0003542  -0.0010561
   22   0.0014649   0.0057222  -0.0003328   0.0021420  -0.0034591   0.0032988
   23  -0.0285055   0.0138785   0.0091239  -0.0026234   0.0030281   0.0179515
   24  -0.0042939   0.0006732   0.0011198  -0.0003310   0.0003101   0.0006302
   25   0.0904978  -0.0060553  -0.0060616   0.0028717   0.0084771  -0.0051541
            7           8           9          10          11          12
    1  -0.1381899   0.0010684   0.0000391   0.0025487  -0.0290810  -0.1042665
    2   0.0150703   0.0025225   0.0159132  -0.0611220   0.0186911   0.7111771
    3   1.8696930   0.8220365   0.0612664   0.0273224   0.0455584   0.0311485
    4  -0.2988128   0.0693447   0.8216402   0.0628253  -0.0049766  -0.0688382
    5   0.1630900  -0.0257984   0.0360348   0.9239661  -0.0111877  -0.1027312
    6   1.4001412  -0.0269816  -0.0044551   0.0198988   0.0147610  -0.0932794
    7   3.7661916   0.0633237  -0.0190465  -0.0066343   0.8483705  -0.1079994
    8   0.0633237   0.9205528   0.0065149   0.0009845   0.0061607   0.0024737
    9  -0.0190465   0.0065149   0.9224272   0.0040966   0.0008272  -0.0023837
   10  -0.0066343   0.0009845   0.0040966   0.9844915  -0.0002867  -0.0130904
   11   0.8483705   0.0061607   0.0008272  -0.0002867   0.8895937  -0.0015713
   12  -0.1079994   0.0024737  -0.0023837  -0.0130904  -0.0015713  -0.0436172
   13  -0.0114732  -0.0003006   0.0015190   0.0157599   0.0016285  -0.0818758
   14   0.0033344  -0.0003941  -0.0000215   0.0041478   0.0011263  -0.0120154
   15   0.0045933   0.0001207   0.0003014   0.0012354  -0.0005629  -0.0862836
   16  -0.0281854   0.0000954  -0.0004263   0.0000010  -0.0002246  -0.0113862
   17   0.0241189  -0.0002332   0.0002790   0.0059119   0.0001853  -0.0568362
   18   0.0014175  -0.0004464   0.0002074  -0.0070200   0.0006110  -0.0157202
   19  -0.0001292  -0.0000029  -0.0000032   0.0000352  -0.0000083   0.0002715
   20  -0.0002393   0.0000038  -0.0000027   0.0000320  -0.0000103   0.0005209
   21   0.0008619  -0.0000067  -0.0000138   0.0002021   0.0000117   0.0013680
   22  -0.0005898   0.0000709   0.0000959   0.0020924   0.0000309  -0.0074210
   23  -0.0311338   0.0000984  -0.0001059  -0.0000421  -0.0005000  -0.0159413
   24  -0.0018459   0.0000143  -0.0000021  -0.0000046   0.0000009   0.0021205
   25   0.0164567  -0.0001164   0.0001529   0.0016316   0.0000397  -0.0110576
           13          14          15          16          17          18
    1   0.0170163   0.0054244  -0.0113893  -0.0002004  -0.0058641   0.0332819
    2   0.2981364  -0.0424642  -0.0041927  -0.0161271   0.0150518  -0.0329313
    3  -0.0164902  -0.0044042  -0.0098748   0.0246238  -0.0188529  -0.0053265
    4  -0.0055270  -0.0171511   0.0175470  -0.0223403   0.0216156  -0.0154836
    5  -0.0432411   0.0369484  -0.0092524   0.0187956  -0.0215524   0.0126001
    6  -0.0579147   0.0004653   0.0027087   0.0185851  -0.0175793   0.0299987
    7  -0.0114732   0.0033344   0.0045933  -0.0281854   0.0241189   0.0014175
    8  -0.0003006  -0.0003941   0.0001207   0.0000954  -0.0002332  -0.0004464
    9   0.0015190  -0.0000215   0.0003014  -0.0004263   0.0002790   0.0002074
   10   0.0157599   0.0041478   0.0012354   0.0000010   0.0059119  -0.0070200
   11   0.0016285   0.0011263  -0.0005629  -0.0002246   0.0001853   0.0006110
   12  -0.0818758  -0.0120154  -0.0862836  -0.0113862  -0.0568362  -0.0157202
   13   2.6239263   0.9870165   0.4147631  -0.0889145   0.1464993   1.0693441
   14   0.9870165   4.6756693   1.8680685   0.3592600   0.1745656   0.1143404
   15   0.4147631   1.8680685   4.3221497   1.6730342  -0.4001235   0.1183597
   16  -0.0889145   0.3592600   1.6730342   4.7415771   1.6646560   0.1868749
   17   0.1464993   0.1745656  -0.4001235   1.6646560   4.6430940   2.1073540
   18   1.0693441   0.1143404   0.1183597   0.1868749   2.1073540   4.4853902
   19   0.0142434   0.0828245   0.7414885   0.1043114  -0.0292703   0.0007171
   20  -0.0000624  -0.0202928   0.0838564   0.7773447   0.0907803  -0.0253386
   21   0.0153142  -0.0036052  -0.0196223   0.0745291   0.8035197   0.0442955
   22  -0.0500080   0.0154986   0.0048785   0.0022409   0.0928703   0.8765719
   23  -0.0167931   1.0911800  -0.0164149  -0.0258143   0.0481863  -0.0200256
   24   0.0108065   0.0696731  -0.0735874   0.0286293  -0.0060728   0.0080474
   25   0.0044798  -0.0378557   0.0224980   0.0022147   0.0038848   0.0036607
           19          20          21          22          23          24
    1   0.0009069  -0.0000220  -0.0000985   0.0014649  -0.0285055  -0.0042939
    2   0.0004209  -0.0002028   0.0012053   0.0057222   0.0138785   0.0006732
    3  -0.0000807   0.0002870  -0.0008806  -0.0003328   0.0091239   0.0011198
    4  -0.0005622  -0.0001489   0.0001923   0.0021420  -0.0026234  -0.0003310
    5   0.0004268  -0.0001734  -0.0003542  -0.0034591   0.0030281   0.0003101
    6   0.0000760  -0.0000801  -0.0010561   0.0032988   0.0179515   0.0006302
    7  -0.0001292  -0.0002393   0.0008619  -0.0005898  -0.0311338  -0.0018459
    8  -0.0000029   0.0000038  -0.0000067   0.0000709   0.0000984   0.0000143
    9  -0.0000032  -0.0000027  -0.0000138   0.0000959  -0.0001059  -0.0000021
   10   0.0000352   0.0000320   0.0002021   0.0020924  -0.0000421  -0.0000046
   11  -0.0000083  -0.0000103   0.0000117   0.0000309  -0.0005000   0.0000009
   12   0.0002715   0.0005209   0.0013680  -0.0074210  -0.0159413   0.0021205
   13   0.0142434  -0.0000624   0.0153142  -0.0500080  -0.0167931   0.0108065
   14   0.0828245  -0.0202928  -0.0036052   0.0154986   1.0911800   0.0696731
   15   0.7414885   0.0838564  -0.0196223   0.0048785  -0.0164149  -0.0735874
   16   0.1043114   0.7773447   0.0745291   0.0022409  -0.0258143   0.0286293
   17  -0.0292703   0.0907803   0.8035197   0.0928703   0.0481863  -0.0060728
   18   0.0007171  -0.0253386   0.0442955   0.8765719  -0.0200256   0.0080474
   19   0.9018747   0.0096211   0.0006062  -0.0000856  -0.0207063  -0.0051307
   20   0.0096211   0.9243351   0.0076552   0.0010470  -0.0007782   0.0007228
   21   0.0006062   0.0076552   0.9314441   0.0067999   0.0008756   0.0000995
   22  -0.0000856   0.0010470   0.0067999   0.9540730   0.0006464   0.0002531
   23  -0.0207063  -0.0007782   0.0008756   0.0006464   2.7039409   0.9061990
   24  -0.0051307   0.0007228   0.0000995   0.0002531   0.9061990   0.9282259
   25   0.0019046  -0.0001848  -0.0004549   0.0002446   0.7921576  -0.0098053
           25
    1   0.0904978
    2  -0.0060553
    3  -0.0060616
    4   0.0028717
    5   0.0084771
    6  -0.0051541
    7   0.0164567
    8  -0.0001164
    9   0.0001529
   10   0.0016316
   11   0.0000397
   12  -0.0110576
   13   0.0044798
   14  -0.0378557
   15   0.0224980
   16   0.0022147
   17   0.0038848
   18   0.0036607
   19   0.0019046
   20  -0.0001848
   21  -0.0004549
   22   0.0002446
   23   0.7921576
   24  -0.0098053
   25   0.8744267


 JobOver = TRUE
Archival summary:
1\1\qciep03\SP\HF\BasisUnspecified\131011\jcartus\ThuJan2517:43:462018ThuJan2517:43:462018\0\\#,HF,BasisUnspecified,\\0,1\N\H,1,1.0378\C,1,1.35431,2,119.139\H,3,1.08051,1,115.796,2,-0.416428,0\C,3,1.36624,1,120.947,2,179.655,0\H,5,1.07768,3,120.257,1,-179.972,0\C,1,1.38834,2,115.934,3,-179.887,0\O,7,1.24024,1,120.556,2,0.515861,0\C,5,1.41424,3,117.698,1,0.0301585,0\H,9,1.08208,5,119.68,3,-179.927,0\C,9,1.36904,5,120.909,3,0.178973,0\H,11,1.07966,9,121.626,5,179.849,0\N,2,1.85944,1,179.743,3,-24.1602,0\C,13,1.34313,2,121.381,1,4.39383,0\H,14,1.08377,13,115.586,2,-0.246089,0\C,13,1.34512,2,120.297,1,-175.469,0\N,16,1.36541,13,117.241,2,-2.47096,0\H,17,1.0047,16,116.084,13,163.048,0\H,17,1.02136,16,117.265,13,21.4785,0\C,14,1.38381,13,124.069,2,179.959,0\H,20,1.07922,14,120.563,13,179.923,0\C,20,1.39654,14,117.602,13,0.11393,0\H,22,1.08146,20,120.737,14,179.866,0\C,22,1.38085,20,119.292,14,-0.0165432,0\H,24,1.08141,22,120.913,20,-179.914,0\\HF=-623.47521\\@

 Total job time:  1128.53s(wall), 1121.26s(cpu) 
 Thu Jan 25 17:43:46 2018

        *************************************************************
        *                                                           *
        *  Thank you very much for using Q-Chem.  Have a nice day.  *
        *                                                           *
        *************************************************************


*** MISSION COMPLETED -- STARFLEET OUT ***

0 sent ACK to 0 
now end server 0 ... 
